
> build
> turbo build

turbo 2.4.0

• Packages in scope: @opencanvas/agents, @opencanvas/evals, @opencanvas/shared, @opencanvas/web
• Running build in 4 packages
• Remote caching disabled
@opencanvas/shared:build: cache miss, executing 379381df366c2015
@opencanvas/shared:build: yarn run v1.22.22
@opencanvas/shared:build: $ yarn clean && tsc
@opencanvas/shared:build: $ rm -rf ./dist .turbo || true
@opencanvas/shared:build: Done in 1.84s.
@opencanvas/web:build: cache miss, executing 13455ff6b8e6ffad
@opencanvas/agents:build: cache miss, executing 01dfc5f9a162102c
@opencanvas/agents:build: yarn run v1.22.22
@opencanvas/web:build: yarn run v1.22.22
@opencanvas/agents:build: $ yarn clean && tsc
@opencanvas/web:build: $ next build
@opencanvas/agents:build: $ rm -rf ./dist .turbo || true
@opencanvas/web:build:   ▲ Next.js 14.2.25
@opencanvas/web:build:   - Environments: .env
@opencanvas/web:build: 
@opencanvas/web:build:    Creating an optimized production build ...
@opencanvas/agents:build: Done in 3.81s.
@opencanvas/evals:build: cache miss, executing 016200decdc7cb8d
@opencanvas/evals:build: yarn run v1.22.22
@opencanvas/evals:build: $ yarn clean && tsc
@opencanvas/evals:build: $ rm -rf ./dist .turbo || true
@opencanvas/evals:build: Done in 1.54s.
